<?xml version="1.0" encoding="UTF-8"?>
<!-- Generated by org.testng.reporters.JUnitReportReporter -->
<testsuite hostname="INBook_X1" failures="0" tests="1" name="reqres.WayToPostRequest.CreateRequestUsingHashMap" time="4.258" errors="0" timestamp="2023-10-18T22:39:32 IST" skipped="0">
  <testcase classname="reqres.WayToPostRequest.CreateRequestUsingHashMap" name="createUserTest" time="4.258"/>
  <system-out/>
</testsuite> <!-- reqres.WayToPostRequest.CreateRequestUsingHashMap -->
