<?xml version="1.0" encoding="UTF-8"?>
<!-- Generated by org.testng.reporters.JUnitReportReporter -->
<testsuite hostname="INBook_X1" failures="0" tests="1" name="crudOperationUsing_BDDappraoch.GetSignleRequest" time="3.373" errors="0" timestamp="2023-10-18T20:25:51 IST" skipped="0">
  <testcase classname="crudOperationUsing_BDDappraoch.GetSignleRequest" name="getSingleRequest" time="3.373"/>
  <system-out/>
</testsuite> <!-- crudOperationUsing_BDDappraoch.GetSignleRequest -->
