<?xml version="1.0" encoding="UTF-8"?>
<!-- Generated by org.testng.reporters.JUnitReportReporter -->
<testsuite hostname="INBook_X1" failures="0" tests="1" name="crudOperationUsing_BDDappraoch.PartialUpdateRequest" time="4.163" errors="0" timestamp="2023-10-18T20:52:08 IST" skipped="0">
  <testcase classname="crudOperationUsing_BDDappraoch.PartialUpdateRequest" name="partialUpdateRequest" time="4.163"/>
  <system-out/>
</testsuite> <!-- crudOperationUsing_BDDappraoch.PartialUpdateRequest -->
