<?xml version="1.0" encoding="UTF-8"?>
<!-- Generated by org.testng.reporters.JUnitReportReporter -->
<testsuite hostname="INBook_X1" failures="0" tests="1" name="reqres.WayToPostRequest.CreateRequestUsingJSON" time="3.964" errors="0" timestamp="2023-10-18T21:02:38 IST" skipped="0">
  <testcase classname="reqres.WayToPostRequest.CreateRequestUsingJSON" name="createRequest" time="3.964"/>
  <system-out/>
</testsuite> <!-- reqres.WayToPostRequest.CreateRequestUsingJSON -->
