<?xml version="1.0" encoding="UTF-8"?>
<!-- Generated by org.testng.reporters.JUnitReportReporter -->
<testsuite hostname="INBook_X1" failures="0" tests="1" name="crudOperationUsing_BDDappraoch.GetRequest" time="3.186" errors="0" timestamp="2023-10-18T20:22:54 IST" skipped="0">
  <testcase classname="crudOperationUsing_BDDappraoch.GetRequest" name="getListUserTest" time="3.186"/>
  <system-out/>
</testsuite> <!-- crudOperationUsing_BDDappraoch.GetRequest -->
