<?xml version="1.0" encoding="UTF-8"?>
<!-- Generated by org.testng.reporters.JUnitReportReporter -->
<testsuite hostname="INBook_X1" failures="0" tests="1" name="crudOperationsUsingNormal.CreateUserTest" time="8.969" errors="0" timestamp="2023-10-17T13:23:01 IST" skipped="0">
  <testcase classname="crudOperationsUsingNormal.CreateUserTest" name="createUserTest" time="8.969"/>
  <system-out/>
</testsuite> <!-- crudOperationsUsingNormal.CreateUserTest -->
