<?xml version="1.0" encoding="UTF-8"?>
<!-- Generated by org.testng.reporters.JUnitReportReporter -->
<testsuite hostname="INBook_X1" failures="0" tests="1" name="pojoTest.createUserUsingPojoTest" time="4.030" errors="0" timestamp="2023-10-18T23:08:11 IST" skipped="0">
  <testcase classname="pojoTest.createUserUsingPojoTest" name="createUserTest" time="4.030"/>
  <system-out/>
</testsuite> <!-- pojoTest.createUserUsingPojoTest -->
