<?xml version="1.0" encoding="UTF-8"?>
<!-- Generated by org.testng.reporters.JUnitReportReporter -->
<testsuite hostname="INBook_X1" failures="0" tests="1" name="crudOperationUsing_BDDappraoch.CreateRequest" time="4.217" errors="0" timestamp="2023-10-18T20:45:36 IST" skipped="0">
  <testcase classname="crudOperationUsing_BDDappraoch.CreateRequest" name="CreateUserTest" time="4.217"/>
  <system-out/>
</testsuite> <!-- crudOperationUsing_BDDappraoch.CreateRequest -->
