<?xml version="1.0" encoding="UTF-8"?>
<!-- Generated by org.testng.reporters.JUnitReportReporter -->
<testsuite hostname="INBook_X1" failures="0" tests="1" name="crudOperationUsing_BDDappraoch.DeleteRequest" time="3.680" errors="0" timestamp="2023-10-18T20:55:01 IST" skipped="0">
  <testcase classname="crudOperationUsing_BDDappraoch.DeleteRequest" name="deleteUserRequest" time="3.680"/>
  <system-out/>
</testsuite> <!-- crudOperationUsing_BDDappraoch.DeleteRequest -->
