<?xml version="1.0" encoding="UTF-8"?>
<!-- Generated by org.testng.reporters.JUnitReportReporter -->
<testsuite hostname="INBook_X1" failures="0" tests="1" name="crudOperationsUsingNormal.PartialUpdateUserTest" time="3.810" errors="0" timestamp="2023-10-17T13:56:28 IST" skipped="0">
  <testcase classname="crudOperationsUsingNormal.PartialUpdateUserTest" name="partiallyUpdateUserTest" time="3.810"/>
  <system-out/>
</testsuite> <!-- crudOperationsUsingNormal.PartialUpdateUserTest -->
