<?xml version="1.0" encoding="UTF-8"?>
<!-- Generated by org.testng.reporters.JUnitReportReporter -->
<testsuite hostname="INBook_X1" failures="0" tests="1" name="crudOperationsUsingNormal.GetSingleUserTst" time="4.307" errors="0" timestamp="2023-10-17T13:13:16 IST" skipped="0">
  <testcase classname="crudOperationsUsingNormal.GetSingleUserTst" name="getSingleTest" time="4.307"/>
  <system-out/>
</testsuite> <!-- crudOperationsUsingNormal.GetSingleUserTst -->
