<?xml version="1.0" encoding="UTF-8"?>
<!-- Generated by org.testng.reporters.JUnitReportReporter -->
<testsuite hostname="INBook_X1" failures="0" tests="1" name="crudOperationsUsingNormal.UpdateUserTest" time="4.373" errors="0" timestamp="2023-10-17T13:49:15 IST" skipped="0">
  <testcase classname="crudOperationsUsingNormal.UpdateUserTest" name="updateUserTest" time="4.373"/>
  <system-out/>
</testsuite> <!-- crudOperationsUsingNormal.UpdateUserTest -->
