<?xml version="1.0" encoding="UTF-8"?>
<!-- Generated by org.testng.reporters.JUnitReportReporter -->
<testsuite hostname="INBook_X1" failures="0" tests="1" name="reqres.WayToPostRequest.CreateRequestUsingJSON_file" time="5.376" errors="0" timestamp="2023-10-18T22:52:01 IST" skipped="0">
  <testcase classname="reqres.WayToPostRequest.CreateRequestUsingJSON_file" name="createUsingJsonFile" time="5.376"/>
  <system-out/>
</testsuite> <!-- reqres.WayToPostRequest.CreateRequestUsingJSON_file -->
